0 verbose cli /Users/mtpc-335/.nvm/versions/node/v22.9.0/bin/node /Users/mtpc-335/.nvm/versions/node/v22.9.0/lib/node_modules/npm/bin/npm-cli.js
0 verbose cli /Users/mtpc-335/.nvm/versions/node/v22.9.0/bin/node /Users/mtpc-335/.nvm/versions/node/v22.9.0/lib/node_modules/npm/bin/npm-cli.js
1 info using npm@11.0.0
1 info using npm@11.0.0
2 info using node@v22.9.0
2 info using node@v22.9.0
3 silly config load:file:/Users/mtpc-335/.nvm/versions/node/v22.9.0/lib/node_modules/npm/npmrc
3 silly config load:file:/Users/mtpc-335/.nvm/versions/node/v22.9.0/lib/node_modules/npm/npmrc
4 silly config load:file:/Users/mtpc-335/Desktop/Meetly/.npmrc
4 silly config load:file:/Users/mtpc-335/Desktop/Meetly/.npmrc
5 silly config load:file:/Users/mtpc-335/.npmrc
5 silly config load:file:/Users/mtpc-335/.npmrc
6 silly config load:file:/Users/mtpc-335/.nvm/versions/node/v22.9.0/etc/npmrc
6 silly config load:file:/Users/mtpc-335/.nvm/versions/node/v22.9.0/etc/npmrc
7 verbose title npm exec react-native run-android
7 verbose title npm exec react-native run-ios
8 verbose argv "exec" "--" "react-native" "run-android"
8 verbose argv "exec" "--" "react-native" "run-ios"
9 verbose logfile logs-max:10 dir:/Users/mtpc-335/Desktop/Meetly/clear/_logs/2024-12-26T06_45_40_910Z-
9 verbose logfile logs-max:10 dir:/Users/mtpc-335/Desktop/Meetly/clear/_logs/2024-12-26T06_45_40_910Z-
10 verbose logfile /Users/mtpc-335/Desktop/Meetly/clear/_logs/2024-12-26T06_45_40_910Z-debug-0.log
10 verbose logfile /Users/mtpc-335/Desktop/Meetly/clear/_logs/2024-12-26T06_45_40_910Z-debug-0.log
11 silly logfile done cleaning log files
11 silly logfile done cleaning log files
12 verbose cwd /Users/mtpc-335/Desktop/Meetly
13 verbose os Darwin 24.2.0
14 verbose node v22.9.0
15 verbose npm  v11.0.0
16 verbose exit 0
17 info ok
12 verbose cwd /Users/mtpc-335/Desktop/Meetly
13 verbose os Darwin 24.2.0
14 verbose node v22.9.0
15 verbose npm  v11.0.0
16 verbose exit 0
17 info ok
